<?xml version="1.0" encoding="UTF-8"?>
<!-- Generated by org.testng.reporters.JUnitReportReporter -->
<testsuite hostname="LAP-SG-10109" failures="0" tests="1" name="fcaa.testCase.latestNews" time="6.650" errors="0" timestamp="2025-01-17T19:14:09 IST" skipped="0">
  <testcase classname="fcaa.testCase.latestNews" name="verifygoBack" time="6.650"/>
  <system-out>
    <![CDATA[Starting test: verifygoBack
Finished test: verifygoBack]]>
  </system-out>
</testsuite> <!-- fcaa.testCase.latestNews -->
