<?xml version="1.0" encoding="UTF-8"?>
<!-- Generated by org.testng.reporters.JUnitReportReporter -->
<testsuite hostname="LAP-SG-10109" failures="0" tests="1" name="fcaa.testCase.instruments" time="17.725" errors="0" timestamp="2024-12-23T17:58:10 IST" skipped="0">
  <testcase classname="fcaa.testCase.instruments" name="verifyFilterByModule" time="17.725"/>
  <system-out/>
</testsuite> <!-- fcaa.testCase.instruments -->
