<?xml version="1.0" encoding="UTF-8"?>
<!-- Generated by org.testng.reporters.JUnitReportReporter -->
<testsuite hostname="LAP-SG-10226" failures="0" tests="1" name="fcaa.testCase.glossary" time="13.620" errors="0" timestamp="2025-02-11T12:29:16 IST" skipped="0">
  <testcase classname="fcaa.testCase.glossary" name="testBooleanSearch" time="13.620"/>
  <system-out/>
</testsuite> <!-- fcaa.testCase.glossary -->
