<?xml version="1.0" encoding="UTF-8"?>
<!-- Generated by org.testng.reporters.JUnitReportReporter -->
<testsuite hostname="LAP-SG-10109" failures="0" tests="1" name="fcaa.testCase.fcaworkflows" time="16.362" errors="0" timestamp="2024-10-18T09:13:36 IST" skipped="0">
  <testcase classname="fcaa.testCase.fcaworkflows" name="home_page" time="16.362"/>
</testsuite> <!-- fcaa.testCase.fcaworkflows -->
