<?xml version="1.0" encoding="UTF-8"?>
<!-- Generated by org.testng.reporters.JUnitReportReporter -->
<testsuite hostname="LAP-SG-10109" failures="0" tests="1" name="fcaa.testCase.instruments" time="23.511" errors="0" timestamp="2024-11-28T01:16:47 IST" skipped="0">
  <testcase classname="fcaa.testCase.instruments" name="verifyTitleListWithInstrumentType" time="23.511"/>
  <system-out>
    <![CDATA[Next Page button is disabled or not found]]>
  </system-out>
</testsuite> <!-- fcaa.testCase.instruments -->
