<?xml version="1.0" encoding="UTF-8"?>
<!-- Generated by org.testng.reporters.JUnitReportReporter -->
<testsuite hostname="LAP-SG-10109" failures="0" tests="1" name="fcaa.testCase.latestNews" time="12.166" errors="0" timestamp="2024-11-06T19:06:18 IST" skipped="0">
  <testcase classname="fcaa.testCase.latestNews" name="verifyFirstPageNumber" time="12.166"/>
  <system-out>
    <![CDATA[Starting test: verifyFirstPageNumber
Next Page button is disabled
First Page button is disabled
Finished test: verifyFirstPageNumber]]>
  </system-out>
</testsuite> <!-- fcaa.testCase.latestNews -->
