<?xml version="1.0" encoding="UTF-8"?>
<!-- Generated by org.testng.reporters.JUnitReportReporter -->
<testsuite hostname="LAP-SG-10226" failures="0" tests="1" name="fcaa.testCase.glossary" time="37.186" errors="0" timestamp="2025-02-14T17:46:08 IST" skipped="0">
  <testcase classname="fcaa.testCase.glossary" name="testBooleanSearch" time="37.186"/>
  <system-out/>
</testsuite> <!-- fcaa.testCase.glossary -->
