<?xml version="1.0" encoding="UTF-8"?>
<!-- Generated by org.testng.reporters.JUnitReportReporter -->
<testsuite hostname="LAP-SG-10226" failures="0" tests="1" name="fcaa.testCase.instruments" time="15.305" errors="0" timestamp="2025-02-12T17:46:53 IST" skipped="0">
  <testcase classname="fcaa.testCase.instruments" name="testPublishedDateRadio" time="15.305"/>
  <system-out/>
</testsuite> <!-- fcaa.testCase.instruments -->
