<?xml version="1.0" encoding="UTF-8"?>
<!-- Generated by org.testng.reporters.JUnitReportReporter -->
<testsuite hostname="LAP-SG-10109" failures="0" tests="1" name="fcaa.testCase.latestNews" time="18.444" errors="0" timestamp="2024-11-20T10:03:12 IST" skipped="0">
  <testcase classname="fcaa.testCase.latestNews" name="testOldest" time="18.444"/>
  <system-out>
    <![CDATA[Starting test: testOldest
Next Page button is disabled
Next Page button is disabled
Finished test: testOldest]]>
  </system-out>
</testsuite> <!-- fcaa.testCase.latestNews -->
