<?xml version="1.0" encoding="UTF-8"?>
<!-- Generated by org.testng.reporters.JUnitReportReporter -->
<testsuite hostname="LAP-SG-10109" failures="0" tests="1" name="fcaa.testCase.forms" time="12.730" errors="0" timestamp="2024-11-07T17:55:10 IST" skipped="0">
  <testcase classname="fcaa.testCase.forms" name="verifyDataWithinDateRange" time="12.730"/>
  <system-out>
    <![CDATA[Starting test: verifyDataWithinDateRange
Next Page button is disabled
Finished test: verifyDataWithinDateRange]]>
  </system-out>
</testsuite> <!-- fcaa.testCase.forms -->
